Performing C SOURCE FILE Test CMAKE_HAVE_LIBC_PTHREAD failed with the following output:
Change Dir: /home/egornulllet/AndroidStudioProjects/libs/mbedtls/build/x86/CMakeFiles/CMakeTmp

Run Build Command(s):/usr/bin/make -f Makefile cmTC_51867/fast && /usr/bin/make  -f CMakeFiles/cmTC_51867.dir/build.make CMakeFiles/cmTC_51867.dir/build
make[1]: вход в каталог «/home/egornulllet/AndroidStudioProjects/libs/mbedtls/build/x86/CMakeFiles/CMakeTmp»
Building C object CMakeFiles/cmTC_51867.dir/src.c.o
/home/egornulllet/Android/Sdk/ndk/25.2.9519653/toolchains/llvm/prebuilt/linux-x86_64/bin/clang --target=i686-none-linux-android19 --sysroot=/home/egornulllet/Android/Sdk/ndk/25.2.9519653/toolchains/llvm/prebuilt/linux-x86_64/sysroot -DCMAKE_HAVE_LIBC_PTHREAD  -g -DANDROID -fdata-sections -ffunction-sections -funwind-tables -fstack-protector-strong -no-canonical-prefixes -mstackrealign -D_FORTIFY_SOURCE=2 -Wformat -Werror=format-security  -Wall -Wextra -Wwrite-strings -Wpointer-arith -Wimplicit-fallthrough -Wshadow -Wvla -Wformat=2 -Wno-format-nonliteral -Werror  -fPIE -MD -MT CMakeFiles/cmTC_51867.dir/src.c.o -MF CMakeFiles/cmTC_51867.dir/src.c.o.d -o CMakeFiles/cmTC_51867.dir/src.c.o -c /home/egornulllet/AndroidStudioProjects/libs/mbedtls/build/x86/CMakeFiles/CMakeTmp/src.c
/home/egornulllet/AndroidStudioProjects/libs/mbedtls/build/x86/CMakeFiles/CMakeTmp/src.c:13:3: error: implicit declaration of function 'pthread_cancel' is invalid in C99 [-Werror,-Wimplicit-function-declaration]
  pthread_cancel(thread);
  ^
/home/egornulllet/AndroidStudioProjects/libs/mbedtls/build/x86/CMakeFiles/CMakeTmp/src.c:13:3: note: did you mean 'pthread_once'?
/home/egornulllet/Android/Sdk/ndk/25.2.9519653/toolchains/llvm/prebuilt/linux-x86_64/sysroot/usr/include/pthread.h:275:5: note: 'pthread_once' declared here
int pthread_once(pthread_once_t* __once, void (*__init_routine)(void));
    ^
1 error generated.
make[1]: *** [CMakeFiles/cmTC_51867.dir/build.make:79: CMakeFiles/cmTC_51867.dir/src.c.o] Ошибка 1
make[1]: выход из каталога «/home/egornulllet/AndroidStudioProjects/libs/mbedtls/build/x86/CMakeFiles/CMakeTmp»
make: *** [Makefile:127: cmTC_51867/fast] Ошибка 2


Source file was:
#include <pthread.h>

static void* test_func(void* data)
{
  return data;
}

int main(void)
{
  pthread_t thread;
  pthread_create(&thread, NULL, test_func, NULL);
  pthread_detach(thread);
  pthread_cancel(thread);
  pthread_join(thread, NULL);
  pthread_atfork(NULL, NULL, NULL);
  pthread_exit(NULL);

  return 0;
}

Determining if the function pthread_create exists in the pthreads failed with the following output:
Change Dir: /home/egornulllet/AndroidStudioProjects/libs/mbedtls/build/x86/CMakeFiles/CMakeTmp

Run Build Command(s):/usr/bin/make -f Makefile cmTC_266ea/fast && /usr/bin/make  -f CMakeFiles/cmTC_266ea.dir/build.make CMakeFiles/cmTC_266ea.dir/build
make[1]: вход в каталог «/home/egornulllet/AndroidStudioProjects/libs/mbedtls/build/x86/CMakeFiles/CMakeTmp»
Building C object CMakeFiles/cmTC_266ea.dir/CheckFunctionExists.c.o
/home/egornulllet/Android/Sdk/ndk/25.2.9519653/toolchains/llvm/prebuilt/linux-x86_64/bin/clang --target=i686-none-linux-android19 --sysroot=/home/egornulllet/Android/Sdk/ndk/25.2.9519653/toolchains/llvm/prebuilt/linux-x86_64/sysroot   -g -DANDROID -fdata-sections -ffunction-sections -funwind-tables -fstack-protector-strong -no-canonical-prefixes -mstackrealign -D_FORTIFY_SOURCE=2 -Wformat -Werror=format-security  -Wall -Wextra -Wwrite-strings -Wpointer-arith -Wimplicit-fallthrough -Wshadow -Wvla -Wformat=2 -Wno-format-nonliteral -Werror -DCHECK_FUNCTION_EXISTS=pthread_create -fPIE -MD -MT CMakeFiles/cmTC_266ea.dir/CheckFunctionExists.c.o -MF CMakeFiles/cmTC_266ea.dir/CheckFunctionExists.c.o.d -o CMakeFiles/cmTC_266ea.dir/CheckFunctionExists.c.o -c /home/egornulllet/Android/Sdk/cmake/3.22.1/share/cmake-3.22/Modules/CheckFunctionExists.c
Linking C executable cmTC_266ea
/home/egornulllet/Android/Sdk/cmake/3.22.1/bin/cmake -E cmake_link_script CMakeFiles/cmTC_266ea.dir/link.txt --verbose=1
/home/egornulllet/Android/Sdk/ndk/25.2.9519653/toolchains/llvm/prebuilt/linux-x86_64/bin/clang --target=i686-none-linux-android19 --sysroot=/home/egornulllet/Android/Sdk/ndk/25.2.9519653/toolchains/llvm/prebuilt/linux-x86_64/sysroot -g -DANDROID -fdata-sections -ffunction-sections -funwind-tables -fstack-protector-strong -no-canonical-prefixes -mstackrealign -D_FORTIFY_SOURCE=2 -Wformat -Werror=format-security  -Wall -Wextra -Wwrite-strings -Wpointer-arith -Wimplicit-fallthrough -Wshadow -Wvla -Wformat=2 -Wno-format-nonliteral -Werror -DCHECK_FUNCTION_EXISTS=pthread_create -static-libstdc++ -Wl,--build-id=sha1 -Wl,--no-rosegment -Wl,--fatal-warnings -Wl,--no-undefined -Qunused-arguments    CMakeFiles/cmTC_266ea.dir/CheckFunctionExists.c.o -o cmTC_266ea  -lpthreads -latomic -lm 
ld: error: unable to find library -lpthreads
clang: error: linker command failed with exit code 1 (use -v to see invocation)
make[1]: *** [CMakeFiles/cmTC_266ea.dir/build.make:100: cmTC_266ea] Ошибка 1
make[1]: выход из каталога «/home/egornulllet/AndroidStudioProjects/libs/mbedtls/build/x86/CMakeFiles/CMakeTmp»
make: *** [Makefile:127: cmTC_266ea/fast] Ошибка 2



Determining if the function pthread_create exists in the pthread failed with the following output:
Change Dir: /home/egornulllet/AndroidStudioProjects/libs/mbedtls/build/x86/CMakeFiles/CMakeTmp

Run Build Command(s):/usr/bin/make -f Makefile cmTC_24629/fast && /usr/bin/make  -f CMakeFiles/cmTC_24629.dir/build.make CMakeFiles/cmTC_24629.dir/build
make[1]: вход в каталог «/home/egornulllet/AndroidStudioProjects/libs/mbedtls/build/x86/CMakeFiles/CMakeTmp»
Building C object CMakeFiles/cmTC_24629.dir/CheckFunctionExists.c.o
/home/egornulllet/Android/Sdk/ndk/25.2.9519653/toolchains/llvm/prebuilt/linux-x86_64/bin/clang --target=i686-none-linux-android19 --sysroot=/home/egornulllet/Android/Sdk/ndk/25.2.9519653/toolchains/llvm/prebuilt/linux-x86_64/sysroot   -g -DANDROID -fdata-sections -ffunction-sections -funwind-tables -fstack-protector-strong -no-canonical-prefixes -mstackrealign -D_FORTIFY_SOURCE=2 -Wformat -Werror=format-security  -Wall -Wextra -Wwrite-strings -Wpointer-arith -Wimplicit-fallthrough -Wshadow -Wvla -Wformat=2 -Wno-format-nonliteral -Werror -DCHECK_FUNCTION_EXISTS=pthread_create -fPIE -MD -MT CMakeFiles/cmTC_24629.dir/CheckFunctionExists.c.o -MF CMakeFiles/cmTC_24629.dir/CheckFunctionExists.c.o.d -o CMakeFiles/cmTC_24629.dir/CheckFunctionExists.c.o -c /home/egornulllet/Android/Sdk/cmake/3.22.1/share/cmake-3.22/Modules/CheckFunctionExists.c
Linking C executable cmTC_24629
/home/egornulllet/Android/Sdk/cmake/3.22.1/bin/cmake -E cmake_link_script CMakeFiles/cmTC_24629.dir/link.txt --verbose=1
/home/egornulllet/Android/Sdk/ndk/25.2.9519653/toolchains/llvm/prebuilt/linux-x86_64/bin/clang --target=i686-none-linux-android19 --sysroot=/home/egornulllet/Android/Sdk/ndk/25.2.9519653/toolchains/llvm/prebuilt/linux-x86_64/sysroot -g -DANDROID -fdata-sections -ffunction-sections -funwind-tables -fstack-protector-strong -no-canonical-prefixes -mstackrealign -D_FORTIFY_SOURCE=2 -Wformat -Werror=format-security  -Wall -Wextra -Wwrite-strings -Wpointer-arith -Wimplicit-fallthrough -Wshadow -Wvla -Wformat=2 -Wno-format-nonliteral -Werror -DCHECK_FUNCTION_EXISTS=pthread_create -static-libstdc++ -Wl,--build-id=sha1 -Wl,--no-rosegment -Wl,--fatal-warnings -Wl,--no-undefined -Qunused-arguments    CMakeFiles/cmTC_24629.dir/CheckFunctionExists.c.o -o cmTC_24629  -lpthread -latomic -lm 
ld: error: unable to find library -lpthread
clang: error: linker command failed with exit code 1 (use -v to see invocation)
make[1]: *** [CMakeFiles/cmTC_24629.dir/build.make:100: cmTC_24629] Ошибка 1
make[1]: выход из каталога «/home/egornulllet/AndroidStudioProjects/libs/mbedtls/build/x86/CMakeFiles/CMakeTmp»
make: *** [Makefile:127: cmTC_24629/fast] Ошибка 2



